# JRE version: Java(TM) SE Runtime Environment (23.0.2+7) (build 23.0.2+7-58)
# Java VM: Java HotSpot(TM) 64-Bit Server VM (23.0.2+7-58, mixed mode, sharing, tiered, compressed oops, compressed class ptrs, g1 gc, windows-amd64)
GC Precious Log:
 CardTable entry size: 512
 Card Set container configuration: InlinePtr #cards 4 size 8 Array Of Cards #cards 16 size 48 Howl #buckets 8 coarsen threshold 3686 Howl Bitmap #cards 512 size 80 coarsen threshold 460 Card regions per heap region 1 cards per card region 4096
 CPUs: 16 total, 16 available
 Memory: 16005M
 Large Page Support: Disabled
 NUMA Support: Disabled
 Compressed Oops: Enabled (Zero based)
 Heap Region Size: 2M
 Heap Min Capacity: 8M
 Heap Initial Capacity: 252M
 Heap Max Capacity: 4002M
 Pre-touch: Disabled
 Parallel Workers: 13
 Concurrent Workers: 3
 Concurrent Refinement Workers: 13
 Periodic GC: Disabled
Heap:
 garbage-first heap   total reserved 4098048K, committed 204800K, used 144212K [0x0000000705e00000, 0x0000000800000000)
  region size 2048K, 23 young (47104K), 2 survivors (4096K)
 Metaspace       used 29434K, committed 29888K, reserved 1114112K
  class space    used 4066K, committed 4288K, reserved 1048576K
GC Heap History (20 events):
Event: 12.555 GC heap before
{Heap before GC invocations=10 (full 0):
 garbage-first heap   total reserved 4098048K, committed 106496K, used 101121K [0x0000000705e00000, 0x0000000800000000)
  region size 2048K, 6 young (12288K), 1 survivors (2048K)
 Metaspace       used 28576K, committed 29056K, reserved 1114112K
  class space    used 4006K, committed 4224K, reserved 1048576K
}
Event: 12.556 GC heap after
{Heap after GC invocations=11 (full 0):
 garbage-first heap   total reserved 4098048K, committed 108544K, used 68793K [0x0000000705e00000, 0x0000000800000000)
  region size 2048K, 1 young (2048K), 1 survivors (2048K)
 Metaspace       used 28576K, committed 29056K, reserved 1114112K
  class space    used 4006K, committed 4224K, reserved 1048576K
}
Event: 12.560 GC heap before
{Heap before GC invocations=11 (full 0):
 garbage-first heap   total reserved 4098048K, committed 108544K, used 68793K [0x0000000705e00000, 0x0000000800000000)
  region size 2048K, 2 young (4096K), 1 survivors (2048K)
 Metaspace       used 28576K, committed 29056K, reserved 1114112K
  class space    used 4006K, committed 4224K, reserved 1048576K
}
Event: 12.561 GC heap after
{Heap after GC invocations=12 (full 0):
 garbage-first heap   total reserved 4098048K, committed 108544K, used 69182K [0x0000000705e00000, 0x0000000800000000)
  region size 2048K, 1 young (2048K), 1 survivors (2048K)
 Metaspace       used 28576K, committed 29056K, reserved 1114112K
  class space    used 4006K, committed 4224K, reserved 1048576K
}
Event: 12.574 GC heap before
{Heap before GC invocations=13 (full 0):
 garbage-first heap   total reserved 4098048K, committed 120832K, used 71230K [0x0000000705e00000, 0x0000000800000000)
  region size 2048K, 2 young (4096K), 1 survivors (2048K)
 Metaspace       used 28593K, committed 29120K, reserved 1114112K
  class space    used 4006K, committed 4224K, reserved 1048576K
}
Event: 12.576 GC heap after
{Heap after GC invocations=14 (full 0):
 garbage-first heap   total reserved 4098048K, committed 120832K, used 68640K [0x0000000705e00000, 0x0000000800000000)
  region size 2048K, 1 young (2048K), 1 survivors (2048K)
 Metaspace       used 28593K, committed 29120K, reserved 1114112K
  class space    used 4006K, committed 4224K, reserved 1048576K
}
Event: 12.595 GC heap before
{Heap before GC invocations=15 (full 0):
 garbage-first heap   total reserved 4098048K, committed 122880K, used 74784K [0x0000000705e00000, 0x0000000800000000)
  region size 2048K, 2 young (4096K), 1 survivors (2048K)
 Metaspace       used 28598K, committed 29120K, reserved 1114112K
  class space    used 4006K, committed 4224K, reserved 1048576K
}
Event: 12.596 GC heap after
{Heap after GC invocations=16 (full 0):
 garbage-first heap   total reserved 4098048K, committed 122880K, used 70802K [0x0000000705e00000, 0x0000000800000000)
  region size 2048K, 1 young (2048K), 1 survivors (2048K)
 Metaspace       used 28598K, committed 29120K, reserved 1114112K
  class space    used 4006K, committed 4224K, reserved 1048576K
}
Event: 12.617 GC heap before
{Heap before GC invocations=17 (full 0):
 garbage-first heap   total reserved 4098048K, committed 126976K, used 76946K [0x0000000705e00000, 0x0000000800000000)
  region size 2048K, 2 young (4096K), 1 survivors (2048K)
 Metaspace       used 28608K, committed 29120K, reserved 1114112K
  class space    used 4006K, committed 4224K, reserved 1048576K
}
Event: 12.619 GC heap after
{Heap after GC invocations=18 (full 0):
 garbage-first heap   total reserved 4098048K, committed 204800K, used 74967K [0x0000000705e00000, 0x0000000800000000)
  region size 2048K, 1 young (2048K), 1 survivors (2048K)
 Metaspace       used 28608K, committed 29120K, reserved 1114112K
  class space    used 4006K, committed 4224K, reserved 1048576K
}
Event: 12.672 GC heap before
{Heap before GC invocations=18 (full 0):
 garbage-first heap   total reserved 4098048K, committed 204800K, used 95447K [0x0000000705e00000, 0x0000000800000000)
  region size 2048K, 4 young (8192K), 1 survivors (2048K)
 Metaspace       used 28620K, committed 29120K, reserved 1114112K
  class space    used 4007K, committed 4224K, reserved 1048576K
}
Event: 12.674 GC heap after
{Heap after GC invocations=19 (full 0):
 garbage-first heap   total reserved 4098048K, committed 204800K, used 87417K [0x0000000705e00000, 0x0000000800000000)
  region size 2048K, 1 young (2048K), 1 survivors (2048K)
 Metaspace       used 28620K, committed 29120K, reserved 1114112K
  class space    used 4007K, committed 4224K, reserved 1048576K
}
Event: 12.730 GC heap before
{Heap before GC invocations=19 (full 0):
 garbage-first heap   total reserved 4098048K, committed 204800K, used 97657K [0x0000000705e00000, 0x0000000800000000)
  region size 2048K, 4 young (8192K), 1 survivors (2048K)
 Metaspace       used 28746K, committed 29248K, reserved 1114112K
  class space    used 4012K, committed 4224K, reserved 1048576K
}
Event: 12.731 GC heap after
{Heap after GC invocations=20 (full 0):
 garbage-first heap   total reserved 4098048K, committed 204800K, used 92664K [0x0000000705e00000, 0x0000000800000000)
  region size 2048K, 2 young (4096K), 2 survivors (4096K)
 Metaspace       used 28746K, committed 29248K, reserved 1114112K
  class space    used 4012K, committed 4224K, reserved 1048576K
}
Event: 13.296 GC heap before
{Heap before GC invocations=20 (full 0):
 garbage-first heap   total reserved 4098048K, committed 204800K, used 98808K [0x0000000705e00000, 0x0000000800000000)
  region size 2048K, 5 young (10240K), 2 survivors (4096K)
 Metaspace       used 28858K, committed 29376K, reserved 1114112K
  class space    used 4015K, committed 4224K, reserved 1048576K
}
Event: 13.297 GC heap after
{Heap after GC invocations=21 (full 0):
 garbage-first heap   total reserved 4098048K, committed 204800K, used 95024K [0x0000000705e00000, 0x0000000800000000)
  region size 2048K, 2 young (4096K), 2 survivors (4096K)
 Metaspace       used 28858K, committed 29376K, reserved 1114112K
  class space    used 4015K, committed 4224K, reserved 1048576K
}
Event: 13.305 GC heap before
{Heap before GC invocations=21 (full 0):
 garbage-first heap   total reserved 4098048K, committed 204800K, used 99120K [0x0000000705e00000, 0x0000000800000000)
  region size 2048K, 3 young (6144K), 2 survivors (4096K)
 Metaspace       used 28858K, committed 29376K, reserved 1114112K
  class space    used 4015K, committed 4224K, reserved 1048576K
}
Event: 13.306 GC heap after
{Heap after GC invocations=22 (full 0):
 garbage-first heap   total reserved 4098048K, committed 204800K, used 99380K [0x0000000705e00000, 0x0000000800000000)
  region size 2048K, 2 young (4096K), 2 survivors (4096K)
 Metaspace       used 28858K, committed 29376K, reserved 1114112K
  class space    used 4015K, committed 4224K, reserved 1048576K
}
Event: 13.322 GC heap before
{Heap before GC invocations=23 (full 0):
 garbage-first heap   total reserved 4098048K, committed 204800K, used 99380K [0x0000000705e00000, 0x0000000800000000)
  region size 2048K, 3 young (6144K), 2 survivors (4096K)
 Metaspace       used 28859K, committed 29376K, reserved 1114112K
  class space    used 4015K, committed 4224K, reserved 1048576K
}
Event: 13.324 GC heap after
{Heap after GC invocations=24 (full 0):
 garbage-first heap   total reserved 4098048K, committed 204800K, used 97108K [0x0000000705e00000, 0x0000000800000000)
  region size 2048K, 2 young (4096K), 2 survivors (4096K)
 Metaspace       used 28859K, committed 29376K, reserved 1114112K
  class space    used 4015K, committed 4224K, reserved 1048576K
}

