# JRE version: Java(TM) SE Runtime Environment (23.0.2+7) (build 23.0.2+7-58)
# Java VM: Java HotSpot(TM) 64-Bit Server VM (23.0.2+7-58, mixed mode, sharing, tiered, compressed oops, compressed class ptrs, g1 gc, windows-amd64)
GC Precious Log:
 CardTable entry size: 512
 Card Set container configuration: InlinePtr #cards 4 size 8 Array Of Cards #cards 16 size 48 Howl #buckets 8 coarsen threshold 3686 Howl Bitmap #cards 512 size 80 coarsen threshold 460 Card regions per heap region 1 cards per card region 4096
 CPUs: 16 total, 16 available
 Memory: 16005M
 Large Page Support: Disabled
 NUMA Support: Disabled
 Compressed Oops: Enabled (Zero based)
 Heap Region Size: 2M
 Heap Min Capacity: 8M
 Heap Initial Capacity: 252M
 Heap Max Capacity: 4002M
 Pre-touch: Disabled
 Parallel Workers: 13
 Concurrent Workers: 3
 Concurrent Refinement Workers: 13
 Periodic GC: Disabled
Heap:
 garbage-first heap   total reserved 4098048K, committed 325632K, used 218120K [0x0000000705e00000, 0x0000000800000000)
  region size 2048K, 57 young (116736K), 2 survivors (4096K)
 Metaspace       used 29968K, committed 30464K, reserved 1114112K
  class space    used 4093K, committed 4352K, reserved 1048576K
GC Heap History (20 events):
Event: 14.536 GC heap before
{Heap before GC invocations=16 (full 0):
 garbage-first heap   total reserved 4098048K, committed 276480K, used 162273K [0x0000000705e00000, 0x0000000800000000)
  region size 2048K, 3 young (6144K), 2 survivors (4096K)
 Metaspace       used 29303K, committed 29760K, reserved 1114112K
  class space    used 4062K, committed 4288K, reserved 1048576K
}
Event: 14.538 GC heap after
{Heap after GC invocations=17 (full 0):
 garbage-first heap   total reserved 4098048K, committed 276480K, used 159855K [0x0000000705e00000, 0x0000000800000000)
  region size 2048K, 1 young (2048K), 1 survivors (2048K)
 Metaspace       used 29303K, committed 29760K, reserved 1114112K
  class space    used 4062K, committed 4288K, reserved 1048576K
}
Event: 14.557 GC heap before
{Heap before GC invocations=18 (full 0):
 garbage-first heap   total reserved 4098048K, committed 280576K, used 165999K [0x0000000705e00000, 0x0000000800000000)
  region size 2048K, 2 young (4096K), 1 survivors (2048K)
 Metaspace       used 29307K, committed 29760K, reserved 1114112K
  class space    used 4062K, committed 4288K, reserved 1048576K
}
Event: 14.559 GC heap after
{Heap after GC invocations=19 (full 0):
 garbage-first heap   total reserved 4098048K, committed 280576K, used 163982K [0x0000000705e00000, 0x0000000800000000)
  region size 2048K, 1 young (2048K), 1 survivors (2048K)
 Metaspace       used 29307K, committed 29760K, reserved 1114112K
  class space    used 4062K, committed 4288K, reserved 1048576K
}
Event: 14.578 GC heap before
{Heap before GC invocations=20 (full 0):
 garbage-first heap   total reserved 4098048K, committed 286720K, used 172174K [0x0000000705e00000, 0x0000000800000000)
  region size 2048K, 3 young (6144K), 1 survivors (2048K)
 Metaspace       used 29310K, committed 29760K, reserved 1114112K
  class space    used 4062K, committed 4288K, reserved 1048576K
}
Event: 14.580 GC heap after
{Heap after GC invocations=21 (full 0):
 garbage-first heap   total reserved 4098048K, committed 286720K, used 168139K [0x0000000705e00000, 0x0000000800000000)
  region size 2048K, 2 young (4096K), 2 survivors (4096K)
 Metaspace       used 29310K, committed 29760K, reserved 1114112K
  class space    used 4062K, committed 4288K, reserved 1048576K
}
Event: 14.599 GC heap before
{Heap before GC invocations=22 (full 0):
 garbage-first heap   total reserved 4098048K, committed 296960K, used 174283K [0x0000000705e00000, 0x0000000800000000)
  region size 2048K, 3 young (6144K), 2 survivors (4096K)
 Metaspace       used 29315K, committed 29760K, reserved 1114112K
  class space    used 4063K, committed 4288K, reserved 1048576K
}
Event: 14.601 GC heap after
{Heap after GC invocations=23 (full 0):
 garbage-first heap   total reserved 4098048K, committed 296960K, used 172358K [0x0000000705e00000, 0x0000000800000000)
  region size 2048K, 2 young (4096K), 2 survivors (4096K)
 Metaspace       used 29315K, committed 29760K, reserved 1114112K
  class space    used 4063K, committed 4288K, reserved 1048576K
}
Event: 14.621 GC heap before
{Heap before GC invocations=24 (full 0):
 garbage-first heap   total reserved 4098048K, committed 305152K, used 178502K [0x0000000705e00000, 0x0000000800000000)
  region size 2048K, 3 young (6144K), 2 survivors (4096K)
 Metaspace       used 29317K, committed 29760K, reserved 1114112K
  class space    used 4063K, committed 4288K, reserved 1048576K
}
Event: 14.622 GC heap after
{Heap after GC invocations=25 (full 0):
 garbage-first heap   total reserved 4098048K, committed 305152K, used 176378K [0x0000000705e00000, 0x0000000800000000)
  region size 2048K, 2 young (4096K), 2 survivors (4096K)
 Metaspace       used 29317K, committed 29760K, reserved 1114112K
  class space    used 4063K, committed 4288K, reserved 1048576K
}
Event: 14.642 GC heap before
{Heap before GC invocations=26 (full 0):
 garbage-first heap   total reserved 4098048K, committed 311296K, used 182522K [0x0000000705e00000, 0x0000000800000000)
  region size 2048K, 3 young (6144K), 2 survivors (4096K)
 Metaspace       used 29318K, committed 29760K, reserved 1114112K
  class space    used 4063K, committed 4288K, reserved 1048576K
}
Event: 14.643 GC heap after
{Heap after GC invocations=27 (full 0):
 garbage-first heap   total reserved 4098048K, committed 311296K, used 180640K [0x0000000705e00000, 0x0000000800000000)
  region size 2048K, 2 young (4096K), 2 survivors (4096K)
 Metaspace       used 29318K, committed 29760K, reserved 1114112K
  class space    used 4063K, committed 4288K, reserved 1048576K
}
Event: 14.663 GC heap before
{Heap before GC invocations=28 (full 0):
 garbage-first heap   total reserved 4098048K, committed 317440K, used 186784K [0x0000000705e00000, 0x0000000800000000)
  region size 2048K, 3 young (6144K), 2 survivors (4096K)
 Metaspace       used 29318K, committed 29760K, reserved 1114112K
  class space    used 4063K, committed 4288K, reserved 1048576K
}
Event: 14.665 GC heap after
{Heap after GC invocations=29 (full 0):
 garbage-first heap   total reserved 4098048K, committed 317440K, used 184686K [0x0000000705e00000, 0x0000000800000000)
  region size 2048K, 2 young (4096K), 2 survivors (4096K)
 Metaspace       used 29318K, committed 29760K, reserved 1114112K
  class space    used 4063K, committed 4288K, reserved 1048576K
}
Event: 16.763 GC heap before
{Heap before GC invocations=30 (full 0):
 garbage-first heap   total reserved 4098048K, committed 325632K, used 209262K [0x0000000705e00000, 0x0000000800000000)
  region size 2048K, 12 young (24576K), 2 survivors (4096K)
 Metaspace       used 29400K, committed 29888K, reserved 1114112K
  class space    used 4070K, committed 4288K, reserved 1048576K
}
Event: 16.765 GC heap after
{Heap after GC invocations=31 (full 0):
 garbage-first heap   total reserved 4098048K, committed 325632K, used 99934K [0x0000000705e00000, 0x0000000800000000)
  region size 2048K, 1 young (2048K), 1 survivors (2048K)
 Metaspace       used 29400K, committed 29888K, reserved 1114112K
  class space    used 4070K, committed 4288K, reserved 1048576K
}
Event: 16.788 GC heap before
{Heap before GC invocations=32 (full 0):
 garbage-first heap   total reserved 4098048K, committed 325632K, used 108126K [0x0000000705e00000, 0x0000000800000000)
  region size 2048K, 3 young (6144K), 1 survivors (2048K)
 Metaspace       used 29409K, committed 29952K, reserved 1114112K
  class space    used 4070K, committed 4288K, reserved 1048576K
}
Event: 16.790 GC heap after
{Heap after GC invocations=33 (full 0):
 garbage-first heap   total reserved 4098048K, committed 325632K, used 103901K [0x0000000705e00000, 0x0000000800000000)
  region size 2048K, 1 young (2048K), 1 survivors (2048K)
 Metaspace       used 29409K, committed 29952K, reserved 1114112K
  class space    used 4070K, committed 4288K, reserved 1048576K
}
Event: 40.037 GC heap before
{Heap before GC invocations=34 (full 0):
 garbage-first heap   total reserved 4098048K, committed 325632K, used 286173K [0x0000000705e00000, 0x0000000800000000)
  region size 2048K, 87 young (178176K), 1 survivors (2048K)
 Metaspace       used 29607K, committed 30080K, reserved 1114112K
  class space    used 4075K, committed 4288K, reserved 1048576K
}
Event: 40.040 GC heap after
{Heap after GC invocations=35 (full 0):
 garbage-first heap   total reserved 4098048K, committed 325632K, used 107528K [0x0000000705e00000, 0x0000000800000000)
  region size 2048K, 2 young (4096K), 2 survivors (4096K)
 Metaspace       used 29607K, committed 30080K, reserved 1114112K
  class space    used 4075K, committed 4288K, reserved 1048576K
}

