# JRE version: Java(TM) SE Runtime Environment (23.0.2+7) (build 23.0.2+7-58)
# Java VM: Java HotSpot(TM) 64-Bit Server VM (23.0.2+7-58, mixed mode, sharing, tiered, compressed oops, compressed class ptrs, g1 gc, windows-amd64)
GC Precious Log:
 CardTable entry size: 512
 Card Set container configuration: InlinePtr #cards 4 size 8 Array Of Cards #cards 16 size 48 Howl #buckets 8 coarsen threshold 3686 Howl Bitmap #cards 512 size 80 coarsen threshold 460 Card regions per heap region 1 cards per card region 4096
 CPUs: 16 total, 16 available
 Memory: 16005M
 Large Page Support: Disabled
 NUMA Support: Disabled
 Compressed Oops: Enabled (Zero based)
 Heap Region Size: 2M
 Heap Min Capacity: 8M
 Heap Initial Capacity: 252M
 Heap Max Capacity: 4002M
 Pre-touch: Disabled
 Parallel Workers: 13
 Concurrent Workers: 3
 Concurrent Refinement Workers: 13
 Periodic GC: Disabled
Heap:
 garbage-first heap   total reserved 4098048K, committed 245760K, used 190051K [0x0000000705e00000, 0x0000000800000000)
  region size 2048K, 40 young (81920K), 2 survivors (4096K)
 Metaspace       used 29636K, committed 30144K, reserved 1114112K
  class space    used 4067K, committed 4288K, reserved 1048576K
GC Heap History (20 events):
Event: 13.540 GC heap before
{Heap before GC invocations=4 (full 0):
 garbage-first heap   total reserved 4098048K, committed 81920K, used 79470K [0x0000000705e00000, 0x0000000800000000)
  region size 2048K, 25 young (51200K), 4 survivors (8192K)
 Metaspace       used 28251K, committed 28672K, reserved 1114112K
  class space    used 3951K, committed 4160K, reserved 1048576K
}
Event: 13.545 GC heap after
{Heap after GC invocations=5 (full 0):
 garbage-first heap   total reserved 4098048K, committed 96256K, used 37155K [0x0000000705e00000, 0x0000000800000000)
  region size 2048K, 5 young (10240K), 5 survivors (10240K)
 Metaspace       used 28251K, committed 28672K, reserved 1114112K
  class space    used 3951K, committed 4160K, reserved 1048576K
}
Event: 13.603 GC heap before
{Heap before GC invocations=5 (full 0):
 garbage-first heap   total reserved 4098048K, committed 96256K, used 53539K [0x0000000705e00000, 0x0000000800000000)
  region size 2048K, 8 young (16384K), 5 survivors (10240K)
 Metaspace       used 28468K, committed 28992K, reserved 1114112K
  class space    used 4002K, committed 4224K, reserved 1048576K
}
Event: 13.606 GC heap after
{Heap after GC invocations=6 (full 0):
 garbage-first heap   total reserved 4098048K, committed 96256K, used 44279K [0x0000000705e00000, 0x0000000800000000)
  region size 2048K, 1 young (2048K), 1 survivors (2048K)
 Metaspace       used 28468K, committed 28992K, reserved 1114112K
  class space    used 4002K, committed 4224K, reserved 1048576K
}
Event: 13.614 GC heap before
{Heap before GC invocations=6 (full 0):
 garbage-first heap   total reserved 4098048K, committed 96256K, used 48375K [0x0000000705e00000, 0x0000000800000000)
  region size 2048K, 2 young (4096K), 1 survivors (2048K)
 Metaspace       used 28468K, committed 28992K, reserved 1114112K
  class space    used 4002K, committed 4224K, reserved 1048576K
}
Event: 13.614 GC heap after
{Heap after GC invocations=7 (full 0):
 garbage-first heap   total reserved 4098048K, committed 96256K, used 47880K [0x0000000705e00000, 0x0000000800000000)
  region size 2048K, 1 young (2048K), 1 survivors (2048K)
 Metaspace       used 28468K, committed 28992K, reserved 1114112K
  class space    used 4002K, committed 4224K, reserved 1048576K
}
Event: 13.626 GC heap before
{Heap before GC invocations=8 (full 0):
 garbage-first heap   total reserved 4098048K, committed 96256K, used 49928K [0x0000000705e00000, 0x0000000800000000)
  region size 2048K, 2 young (4096K), 1 survivors (2048K)
 Metaspace       used 28468K, committed 28992K, reserved 1114112K
  class space    used 4002K, committed 4224K, reserved 1048576K
}
Event: 13.626 GC heap after
{Heap after GC invocations=9 (full 0):
 garbage-first heap   total reserved 4098048K, committed 96256K, used 43032K [0x0000000705e00000, 0x0000000800000000)
  region size 2048K, 1 young (2048K), 1 survivors (2048K)
 Metaspace       used 28468K, committed 28992K, reserved 1114112K
  class space    used 4002K, committed 4224K, reserved 1048576K
}
Event: 13.635 GC heap before
{Heap before GC invocations=9 (full 0):
 garbage-first heap   total reserved 4098048K, committed 96256K, used 45080K [0x0000000705e00000, 0x0000000800000000)
  region size 2048K, 2 young (4096K), 1 survivors (2048K)
 Metaspace       used 28469K, committed 28992K, reserved 1114112K
  class space    used 4002K, committed 4224K, reserved 1048576K
}
Event: 13.636 GC heap after
{Heap after GC invocations=10 (full 0):
 garbage-first heap   total reserved 4098048K, committed 96256K, used 38971K [0x0000000705e00000, 0x0000000800000000)
  region size 2048K, 1 young (2048K), 1 survivors (2048K)
 Metaspace       used 28469K, committed 28992K, reserved 1114112K
  class space    used 4002K, committed 4224K, reserved 1048576K
}
Event: 13.644 GC heap before
{Heap before GC invocations=10 (full 0):
 garbage-first heap   total reserved 4098048K, committed 96256K, used 43067K [0x0000000705e00000, 0x0000000800000000)
  region size 2048K, 2 young (4096K), 1 survivors (2048K)
 Metaspace       used 28469K, committed 28992K, reserved 1114112K
  class space    used 4002K, committed 4224K, reserved 1048576K
}
Event: 13.645 GC heap after
{Heap after GC invocations=11 (full 0):
 garbage-first heap   total reserved 4098048K, committed 96256K, used 43520K [0x0000000705e00000, 0x0000000800000000)
  region size 2048K, 1 young (2048K), 1 survivors (2048K)
 Metaspace       used 28469K, committed 28992K, reserved 1114112K
  class space    used 4002K, committed 4224K, reserved 1048576K
}
Event: 13.658 GC heap before
{Heap before GC invocations=11 (full 0):
 garbage-first heap   total reserved 4098048K, committed 96256K, used 45568K [0x0000000705e00000, 0x0000000800000000)
  region size 2048K, 2 young (4096K), 1 survivors (2048K)
 Metaspace       used 28470K, committed 28992K, reserved 1114112K
  class space    used 4002K, committed 4224K, reserved 1048576K
}
Event: 13.660 GC heap after
{Heap after GC invocations=12 (full 0):
 garbage-first heap   total reserved 4098048K, committed 245760K, used 43069K [0x0000000705e00000, 0x0000000800000000)
  region size 2048K, 1 young (2048K), 1 survivors (2048K)
 Metaspace       used 28470K, committed 28992K, reserved 1114112K
  class space    used 4002K, committed 4224K, reserved 1048576K
}
Event: 13.860 GC heap before
{Heap before GC invocations=12 (full 0):
 garbage-first heap   total reserved 4098048K, committed 245760K, used 122941K [0x0000000705e00000, 0x0000000800000000)
  region size 2048K, 9 young (18432K), 1 survivors (2048K)
 Metaspace       used 28599K, committed 29056K, reserved 1114112K
  class space    used 4005K, committed 4224K, reserved 1048576K
}
Event: 13.861 GC heap after
{Heap after GC invocations=13 (full 0):
 garbage-first heap   total reserved 4098048K, committed 245760K, used 68745K [0x0000000705e00000, 0x0000000800000000)
  region size 2048K, 1 young (2048K), 1 survivors (2048K)
 Metaspace       used 28599K, committed 29056K, reserved 1114112K
  class space    used 4005K, committed 4224K, reserved 1048576K
}
Event: 15.536 GC heap before
{Heap before GC invocations=13 (full 0):
 garbage-first heap   total reserved 4098048K, committed 245760K, used 130185K [0x0000000705e00000, 0x0000000800000000)
  region size 2048K, 13 young (26624K), 1 survivors (2048K)
 Metaspace       used 28928K, committed 29376K, reserved 1114112K
  class space    used 4012K, committed 4224K, reserved 1048576K
}
Event: 15.537 GC heap after
{Heap after GC invocations=14 (full 0):
 garbage-first heap   total reserved 4098048K, committed 245760K, used 94544K [0x0000000705e00000, 0x0000000800000000)
  region size 2048K, 2 young (4096K), 2 survivors (4096K)
 Metaspace       used 28928K, committed 29376K, reserved 1114112K
  class space    used 4012K, committed 4224K, reserved 1048576K
}
Event: 42.258 GC heap before
{Heap before GC invocations=14 (full 0):
 garbage-first heap   total reserved 4098048K, committed 245760K, used 221520K [0x0000000705e00000, 0x0000000800000000)
  region size 2048K, 58 young (118784K), 2 survivors (4096K)
 Metaspace       used 29177K, committed 29632K, reserved 1114112K
  class space    used 4022K, committed 4224K, reserved 1048576K
}
Event: 42.260 GC heap after
{Heap after GC invocations=15 (full 0):
 garbage-first heap   total reserved 4098048K, committed 245760K, used 101987K [0x0000000705e00000, 0x0000000800000000)
  region size 2048K, 2 young (4096K), 2 survivors (4096K)
 Metaspace       used 29177K, committed 29632K, reserved 1114112K
  class space    used 4022K, committed 4224K, reserved 1048576K
}

