# JRE version: Java(TM) SE Runtime Environment (23.0.2+7) (build 23.0.2+7-58)
# Java VM: Java HotSpot(TM) 64-Bit Server VM (23.0.2+7-58, mixed mode, sharing, tiered, compressed oops, compressed class ptrs, g1 gc, windows-amd64)
GC Precious Log:
 CardTable entry size: 512
 Card Set container configuration: InlinePtr #cards 5 size 8 Array Of Cards #cards 10 size 36 Howl #buckets 4 coarsen threshold 1843 Howl Bitmap #cards 512 size 80 coarsen threshold 460 Card regions per heap region 1 cards per card region 2048
 CPUs: 2 total, 2 available
 Memory: 7116M
 Large Page Support: Disabled
 NUMA Support: Disabled
 Compressed Oops: Enabled (32-bit)
 Heap Region Size: 1M
 Heap Min Capacity: 8M
 Heap Initial Capacity: 112M
 Heap Max Capacity: 1780M
 Pre-touch: Disabled
 Parallel Workers: 2
 Concurrent Workers: 1
 Concurrent Refinement Workers: 2
 Periodic GC: Disabled
Heap:
 garbage-first heap   total reserved 1822720K, committed 250880K, used 132180K [0x0000000090c00000, 0x0000000100000000)
  region size 1024K, 30 young (30720K), 4 survivors (4096K)
 Metaspace       used 27863K, committed 28288K, reserved 1114112K
  class space    used 3910K, committed 4096K, reserved 1048576K
GC Heap History (20 events):
Event: 78.271 GC heap before
{Heap before GC invocations=52 (full 0):
 garbage-first heap   total reserved 1822720K, committed 250880K, used 114133K [0x0000000090c00000, 0x0000000100000000)
  region size 1024K, 5 young (5120K), 3 survivors (3072K)
 Metaspace       used 26555K, committed 27008K, reserved 1114112K
  class space    used 3726K, committed 3904K, reserved 1048576K
}
Event: 78.281 GC heap after
{Heap after GC invocations=53 (full 0):
 garbage-first heap   total reserved 1822720K, committed 250880K, used 110820K [0x0000000090c00000, 0x0000000100000000)
  region size 1024K, 3 young (3072K), 3 survivors (3072K)
 Metaspace       used 26555K, committed 27008K, reserved 1114112K
  class space    used 3726K, committed 3904K, reserved 1048576K
}
Event: 78.966 GC heap before
{Heap before GC invocations=54 (full 0):
 garbage-first heap   total reserved 1822720K, committed 250880K, used 115940K [0x0000000090c00000, 0x0000000100000000)
  region size 1024K, 7 young (7168K), 3 survivors (3072K)
 Metaspace       used 26567K, committed 27008K, reserved 1114112K
  class space    used 3726K, committed 3904K, reserved 1048576K
}
Event: 78.975 GC heap after
{Heap after GC invocations=55 (full 0):
 garbage-first heap   total reserved 1822720K, committed 250880K, used 105871K [0x0000000090c00000, 0x0000000100000000)
  region size 1024K, 3 young (3072K), 3 survivors (3072K)
 Metaspace       used 26567K, committed 27008K, reserved 1114112K
  class space    used 3726K, committed 3904K, reserved 1048576K
}
Event: 79.104 GC heap before
{Heap before GC invocations=56 (full 0):
 garbage-first heap   total reserved 1822720K, committed 250880K, used 114063K [0x0000000090c00000, 0x0000000100000000)
  region size 1024K, 6 young (6144K), 3 survivors (3072K)
 Metaspace       used 26574K, committed 27008K, reserved 1114112K
  class space    used 3726K, committed 3904K, reserved 1048576K
}
Event: 79.115 GC heap after
{Heap after GC invocations=57 (full 0):
 garbage-first heap   total reserved 1822720K, committed 250880K, used 110040K [0x0000000090c00000, 0x0000000100000000)
  region size 1024K, 3 young (3072K), 3 survivors (3072K)
 Metaspace       used 26574K, committed 27008K, reserved 1114112K
  class space    used 3726K, committed 3904K, reserved 1048576K
}
Event: 79.246 GC heap before
{Heap before GC invocations=58 (full 0):
 garbage-first heap   total reserved 1822720K, committed 250880K, used 120280K [0x0000000090c00000, 0x0000000100000000)
  region size 1024K, 7 young (7168K), 3 survivors (3072K)
 Metaspace       used 26581K, committed 27008K, reserved 1114112K
  class space    used 3726K, committed 3904K, reserved 1048576K
}
Event: 79.254 GC heap after
{Heap after GC invocations=59 (full 0):
 garbage-first heap   total reserved 1822720K, committed 250880K, used 112292K [0x0000000090c00000, 0x0000000100000000)
  region size 1024K, 3 young (3072K), 3 survivors (3072K)
 Metaspace       used 26581K, committed 27008K, reserved 1114112K
  class space    used 3726K, committed 3904K, reserved 1048576K
}
Event: 90.184 GC heap before
{Heap before GC invocations=60 (full 0):
 garbage-first heap   total reserved 1822720K, committed 250880K, used 158372K [0x0000000090c00000, 0x0000000100000000)
  region size 1024K, 47 young (48128K), 3 survivors (3072K)
 Metaspace       used 26857K, committed 27264K, reserved 1114112K
  class space    used 3771K, committed 3968K, reserved 1048576K
}
Event: 90.201 GC heap after
{Heap after GC invocations=61 (full 0):
 garbage-first heap   total reserved 1822720K, committed 250880K, used 107635K [0x0000000090c00000, 0x0000000100000000)
  region size 1024K, 4 young (4096K), 4 survivors (4096K)
 Metaspace       used 26857K, committed 27264K, reserved 1114112K
  class space    used 3771K, committed 3968K, reserved 1048576K
}
Event: 90.447 GC heap before
{Heap before GC invocations=62 (full 0):
 garbage-first heap   total reserved 1822720K, committed 250880K, used 115827K [0x0000000090c00000, 0x0000000100000000)
  region size 1024K, 6 young (6144K), 4 survivors (4096K)
 Metaspace       used 26906K, committed 27328K, reserved 1114112K
  class space    used 3783K, committed 3968K, reserved 1048576K
}
Event: 90.459 GC heap after
{Heap after GC invocations=63 (full 0):
 garbage-first heap   total reserved 1822720K, committed 250880K, used 114717K [0x0000000090c00000, 0x0000000100000000)
  region size 1024K, 4 young (4096K), 4 survivors (4096K)
 Metaspace       used 26906K, committed 27328K, reserved 1114112K
  class space    used 3783K, committed 3968K, reserved 1048576K
}
Event: 111.788 GC heap before
{Heap before GC invocations=64 (full 0):
 garbage-first heap   total reserved 1822720K, committed 250880K, used 202781K [0x0000000090c00000, 0x0000000100000000)
  region size 1024K, 83 young (84992K), 4 survivors (4096K)
 Metaspace       used 26963K, committed 27392K, reserved 1114112K
  class space    used 3783K, committed 3968K, reserved 1048576K
}
Event: 111.812 GC heap after
{Heap after GC invocations=65 (full 0):
 garbage-first heap   total reserved 1822720K, committed 250880K, used 108497K [0x0000000090c00000, 0x0000000100000000)
  region size 1024K, 4 young (4096K), 4 survivors (4096K)
 Metaspace       used 26963K, committed 27392K, reserved 1114112K
  class space    used 3783K, committed 3968K, reserved 1048576K
}
Event: 128.864 GC heap before
{Heap before GC invocations=65 (full 0):
 garbage-first heap   total reserved 1822720K, committed 250880K, used 174033K [0x0000000090c00000, 0x0000000100000000)
  region size 1024K, 69 young (70656K), 4 survivors (4096K)
 Metaspace       used 26992K, committed 27456K, reserved 1114112K
  class space    used 3783K, committed 3968K, reserved 1048576K
}
Event: 128.874 GC heap after
{Heap after GC invocations=66 (full 0):
 garbage-first heap   total reserved 1822720K, committed 250880K, used 104639K [0x0000000090c00000, 0x0000000100000000)
  region size 1024K, 2 young (2048K), 2 survivors (2048K)
 Metaspace       used 26992K, committed 27456K, reserved 1114112K
  class space    used 3783K, committed 3968K, reserved 1048576K
}
Event: 152.839 GC heap before
{Heap before GC invocations=67 (full 0):
 garbage-first heap   total reserved 1822720K, committed 250880K, used 239807K [0x0000000090c00000, 0x0000000100000000)
  region size 1024K, 97 young (99328K), 2 survivors (2048K)
 Metaspace       used 27644K, committed 28096K, reserved 1114112K
  class space    used 3886K, committed 4096K, reserved 1048576K
}
Event: 152.856 GC heap after
{Heap after GC invocations=68 (full 0):
 garbage-first heap   total reserved 1822720K, committed 250880K, used 107670K [0x0000000090c00000, 0x0000000100000000)
  region size 1024K, 4 young (4096K), 4 survivors (4096K)
 Metaspace       used 27644K, committed 28096K, reserved 1114112K
  class space    used 3886K, committed 4096K, reserved 1048576K
}
Event: 178.257 GC heap before
{Heap before GC invocations=68 (full 0):
 garbage-first heap   total reserved 1822720K, committed 250880K, used 217238K [0x0000000090c00000, 0x0000000100000000)
  region size 1024K, 97 young (99328K), 4 survivors (4096K)
 Metaspace       used 27771K, committed 28224K, reserved 1114112K
  class space    used 3895K, committed 4096K, reserved 1048576K
}
Event: 178.284 GC heap after
{Heap after GC invocations=69 (full 0):
 garbage-first heap   total reserved 1822720K, committed 250880K, used 106580K [0x0000000090c00000, 0x0000000100000000)
  region size 1024K, 4 young (4096K), 4 survivors (4096K)
 Metaspace       used 27771K, committed 28224K, reserved 1114112K
  class space    used 3895K, committed 4096K, reserved 1048576K
}

