# JRE version: Java(TM) SE Runtime Environment (23.0.2+7) (build 23.0.2+7-58)
# Java VM: Java HotSpot(TM) 64-Bit Server VM (23.0.2+7-58, mixed mode, sharing, tiered, compressed oops, compressed class ptrs, g1 gc, windows-amd64)
GC Precious Log:
 CardTable entry size: 512
 Card Set container configuration: InlinePtr #cards 5 size 8 Array Of Cards #cards 10 size 36 Howl #buckets 4 coarsen threshold 1843 Howl Bitmap #cards 512 size 80 coarsen threshold 460 Card regions per heap region 1 cards per card region 2048
 CPUs: 2 total, 2 available
 Memory: 7116M
 Large Page Support: Disabled
 NUMA Support: Disabled
 Compressed Oops: Enabled (32-bit)
 Heap Region Size: 1M
 Heap Min Capacity: 8M
 Heap Initial Capacity: 112M
 Heap Max Capacity: 1780M
 Pre-touch: Disabled
 Parallel Workers: 2
 Concurrent Workers: 1
 Concurrent Refinement Workers: 2
 Periodic GC: Disabled
Heap:
 garbage-first heap   total reserved 1822720K, committed 171008K, used 144186K [0x0000000090c00000, 0x0000000100000000)
  region size 1024K, 29 young (29696K), 3 survivors (3072K)
 Metaspace       used 25689K, committed 26112K, reserved 1114112K
  class space    used 3651K, committed 3840K, reserved 1048576K
GC Heap History (20 events):
Event: 4.659 GC heap before
{Heap before GC invocations=3 (full 0):
 garbage-first heap   total reserved 1822720K, committed 114688K, used 22198K [0x0000000090c00000, 0x0000000100000000)
  region size 1024K, 19 young (19456K), 2 survivors (2048K)
 Metaspace       used 8750K, committed 8960K, reserved 1114112K
  class space    used 1045K, committed 1152K, reserved 1048576K
}
Event: 4.673 GC heap after
{Heap after GC invocations=4 (full 0):
 garbage-first heap   total reserved 1822720K, committed 114688K, used 8356K [0x0000000090c00000, 0x0000000100000000)
  region size 1024K, 3 young (3072K), 3 survivors (3072K)
 Metaspace       used 8750K, committed 8960K, reserved 1114112K
  class space    used 1045K, committed 1152K, reserved 1048576K
}
Event: 5.617 GC heap before
{Heap before GC invocations=4 (full 0):
 garbage-first heap   total reserved 1822720K, committed 114688K, used 26788K [0x0000000090c00000, 0x0000000100000000)
  region size 1024K, 22 young (22528K), 3 survivors (3072K)
 Metaspace       used 12358K, committed 12736K, reserved 1114112K
  class space    used 1679K, committed 1856K, reserved 1048576K
}
Event: 5.631 GC heap after
{Heap after GC invocations=5 (full 0):
 garbage-first heap   total reserved 1822720K, committed 114688K, used 11104K [0x0000000090c00000, 0x0000000100000000)
  region size 1024K, 3 young (3072K), 3 survivors (3072K)
 Metaspace       used 12358K, committed 12736K, reserved 1114112K
  class space    used 1679K, committed 1856K, reserved 1048576K
}
Event: 8.190 GC heap before
{Heap before GC invocations=5 (full 0):
 garbage-first heap   total reserved 1822720K, committed 114688K, used 57184K [0x0000000090c00000, 0x0000000100000000)
  region size 1024K, 33 young (33792K), 3 survivors (3072K)
 Metaspace       used 19320K, committed 19712K, reserved 1114112K
  class space    used 2885K, committed 3072K, reserved 1048576K
}
Event: 8.207 GC heap after
{Heap after GC invocations=6 (full 0):
 garbage-first heap   total reserved 1822720K, committed 114688K, used 22811K [0x0000000090c00000, 0x0000000100000000)
  region size 1024K, 5 young (5120K), 5 survivors (5120K)
 Metaspace       used 19320K, committed 19712K, reserved 1114112K
  class space    used 2885K, committed 3072K, reserved 1048576K
}
Event: 14.140 GC heap before
{Heap before GC invocations=6 (full 0):
 garbage-first heap   total reserved 1822720K, committed 114688K, used 28955K [0x0000000090c00000, 0x0000000100000000)
  region size 1024K, 13 young (13312K), 5 survivors (5120K)
 Metaspace       used 21092K, committed 21504K, reserved 1114112K
  class space    used 3003K, committed 3136K, reserved 1048576K
}
Event: 14.156 GC heap after
{Heap after GC invocations=7 (full 0):
 garbage-first heap   total reserved 1822720K, committed 114688K, used 24017K [0x0000000090c00000, 0x0000000100000000)
  region size 1024K, 4 young (4096K), 4 survivors (4096K)
 Metaspace       used 21092K, committed 21504K, reserved 1114112K
  class space    used 3003K, committed 3136K, reserved 1048576K
}
Event: 16.908 GC heap before
{Heap before GC invocations=8 (full 0):
 garbage-first heap   total reserved 1822720K, committed 83968K, used 83409K [0x0000000090c00000, 0x0000000100000000)
  region size 1024K, 30 young (30720K), 4 survivors (4096K)
 Metaspace       used 24312K, committed 24768K, reserved 1114112K
  class space    used 3583K, committed 3776K, reserved 1048576K
}
Event: 16.929 GC heap after
{Heap after GC invocations=9 (full 0):
 garbage-first heap   total reserved 1822720K, committed 92160K, used 41506K [0x0000000090c00000, 0x0000000100000000)
  region size 1024K, 5 young (5120K), 5 survivors (5120K)
 Metaspace       used 24312K, committed 24768K, reserved 1114112K
  class space    used 3583K, committed 3776K, reserved 1048576K
}
Event: 17.464 GC heap before
{Heap before GC invocations=9 (full 0):
 garbage-first heap   total reserved 1822720K, committed 105472K, used 102946K [0x0000000090c00000, 0x0000000100000000)
  region size 1024K, 13 young (13312K), 5 survivors (5120K)
 Metaspace       used 24403K, committed 24832K, reserved 1114112K
  class space    used 3589K, committed 3776K, reserved 1048576K
}
Event: 17.481 GC heap after
{Heap after GC invocations=10 (full 0):
 garbage-first heap   total reserved 1822720K, committed 111616K, used 56732K [0x0000000090c00000, 0x0000000100000000)
  region size 1024K, 1 young (1024K), 1 survivors (1024K)
 Metaspace       used 24403K, committed 24832K, reserved 1114112K
  class space    used 3589K, committed 3776K, reserved 1048576K
}
Event: 17.511 GC heap before
{Heap before GC invocations=10 (full 0):
 garbage-first heap   total reserved 1822720K, committed 111616K, used 56732K [0x0000000090c00000, 0x0000000100000000)
  region size 1024K, 2 young (2048K), 1 survivors (1024K)
 Metaspace       used 24403K, committed 24832K, reserved 1114112K
  class space    used 3589K, committed 3776K, reserved 1048576K
}
Event: 17.514 GC heap after
{Heap after GC invocations=11 (full 0):
 garbage-first heap   total reserved 1822720K, committed 111616K, used 56551K [0x0000000090c00000, 0x0000000100000000)
  region size 1024K, 1 young (1024K), 1 survivors (1024K)
 Metaspace       used 24403K, committed 24832K, reserved 1114112K
  class space    used 3589K, committed 3776K, reserved 1048576K
}
Event: 18.114 GC heap before
{Heap before GC invocations=12 (full 0):
 garbage-first heap   total reserved 1822720K, committed 122880K, used 121063K [0x0000000090c00000, 0x0000000100000000)
  region size 1024K, 9 young (9216K), 1 survivors (1024K)
 Metaspace       used 24520K, committed 24960K, reserved 1114112K
  class space    used 3590K, committed 3776K, reserved 1048576K
}
Event: 18.123 GC heap after
{Heap after GC invocations=13 (full 0):
 garbage-first heap   total reserved 1822720K, committed 124928K, used 81439K [0x0000000090c00000, 0x0000000100000000)
  region size 1024K, 2 young (2048K), 2 survivors (2048K)
 Metaspace       used 24520K, committed 24960K, reserved 1114112K
  class space    used 3590K, committed 3776K, reserved 1048576K
}
Event: 19.783 GC heap before
{Heap before GC invocations=13 (full 0):
 garbage-first heap   total reserved 1822720K, committed 124928K, used 122399K [0x0000000090c00000, 0x0000000100000000)
  region size 1024K, 12 young (12288K), 2 survivors (2048K)
 Metaspace       used 24843K, committed 25216K, reserved 1114112K
  class space    used 3598K, committed 3776K, reserved 1048576K
}
Event: 19.797 GC heap after
{Heap after GC invocations=14 (full 0):
 garbage-first heap   total reserved 1822720K, committed 155648K, used 97145K [0x0000000090c00000, 0x0000000100000000)
  region size 1024K, 3 young (3072K), 3 survivors (3072K)
 Metaspace       used 24843K, committed 25216K, reserved 1114112K
  class space    used 3598K, committed 3776K, reserved 1048576K
}
Event: 21.930 GC heap before
{Heap before GC invocations=14 (full 0):
 garbage-first heap   total reserved 1822720K, committed 155648K, used 102265K [0x0000000090c00000, 0x0000000100000000)
  region size 1024K, 9 young (9216K), 3 survivors (3072K)
 Metaspace       used 25148K, committed 25536K, reserved 1114112K
  class space    used 3601K, committed 3776K, reserved 1048576K
}
Event: 21.939 GC heap after
{Heap after GC invocations=15 (full 0):
 garbage-first heap   total reserved 1822720K, committed 155648K, used 97082K [0x0000000090c00000, 0x0000000100000000)
  region size 1024K, 3 young (3072K), 3 survivors (3072K)
 Metaspace       used 25148K, committed 25536K, reserved 1114112K
  class space    used 3601K, committed 3776K, reserved 1048576K
}

