# JRE version: Java(TM) SE Runtime Environment (23.0.2+7) (build 23.0.2+7-58)
# Java VM: Java HotSpot(TM) 64-Bit Server VM (23.0.2+7-58, mixed mode, sharing, tiered, compressed oops, compressed class ptrs, g1 gc, windows-amd64)
GC Precious Log:
 CardTable entry size: 512
 Card Set container configuration: InlinePtr #cards 5 size 8 Array Of Cards #cards 10 size 36 Howl #buckets 4 coarsen threshold 1843 Howl Bitmap #cards 512 size 80 coarsen threshold 460 Card regions per heap region 1 cards per card region 2048
 CPUs: 2 total, 2 available
 Memory: 7116M
 Large Page Support: Disabled
 NUMA Support: Disabled
 Compressed Oops: Enabled (32-bit)
 Heap Region Size: 1M
 Heap Min Capacity: 8M
 Heap Initial Capacity: 112M
 Heap Max Capacity: 1780M
 Pre-touch: Disabled
 Parallel Workers: 2
 Concurrent Workers: 1
 Concurrent Refinement Workers: 2
 Periodic GC: Disabled
Heap:
 garbage-first heap   total reserved 1822720K, committed 176128K, used 114836K [0x0000000090c00000, 0x0000000100000000)
  region size 1024K, 7 young (7168K), 2 survivors (2048K)
 Metaspace       used 25636K, committed 26048K, reserved 1114112K
  class space    used 3660K, committed 3840K, reserved 1048576K
GC Heap History (20 events):
Event: 5.294 GC heap before
{Heap before GC invocations=4 (full 0):
 garbage-first heap   total reserved 1822720K, committed 114688K, used 25726K [0x0000000090c00000, 0x0000000100000000)
  region size 1024K, 21 young (21504K), 3 survivors (3072K)
 Metaspace       used 12157K, committed 12544K, reserved 1114112K
  class space    used 1625K, committed 1792K, reserved 1048576K
}
Event: 5.310 GC heap after
{Heap after GC invocations=5 (full 0):
 garbage-first heap   total reserved 1822720K, committed 114688K, used 11258K [0x0000000090c00000, 0x0000000100000000)
  region size 1024K, 3 young (3072K), 3 survivors (3072K)
 Metaspace       used 12157K, committed 12544K, reserved 1114112K
  class space    used 1625K, committed 1792K, reserved 1048576K
}
Event: 162.114 GC heap before
{Heap before GC invocations=5 (full 0):
 garbage-first heap   total reserved 1822720K, committed 114688K, used 57338K [0x0000000090c00000, 0x0000000100000000)
  region size 1024K, 33 young (33792K), 3 survivors (3072K)
 Metaspace       used 19130K, committed 19456K, reserved 1114112K
  class space    used 2795K, committed 2944K, reserved 1048576K
}
Event: 162.133 GC heap after
{Heap after GC invocations=6 (full 0):
 garbage-first heap   total reserved 1822720K, committed 114688K, used 22958K [0x0000000090c00000, 0x0000000100000000)
  region size 1024K, 5 young (5120K), 5 survivors (5120K)
 Metaspace       used 19130K, committed 19456K, reserved 1114112K
  class space    used 2795K, committed 2944K, reserved 1048576K
}
Event: 172.757 GC heap before
{Heap before GC invocations=6 (full 0):
 garbage-first heap   total reserved 1822720K, committed 114688K, used 31150K [0x0000000090c00000, 0x0000000100000000)
  region size 1024K, 14 young (14336K), 5 survivors (5120K)
 Metaspace       used 21150K, committed 21504K, reserved 1114112K
  class space    used 2989K, committed 3136K, reserved 1048576K
}
Event: 172.778 GC heap after
{Heap after GC invocations=7 (full 0):
 garbage-first heap   total reserved 1822720K, committed 114688K, used 24149K [0x0000000090c00000, 0x0000000100000000)
  region size 1024K, 4 young (4096K), 4 survivors (4096K)
 Metaspace       used 21150K, committed 21504K, reserved 1114112K
  class space    used 2989K, committed 3136K, reserved 1048576K
}
Event: 178.919 GC heap before
{Heap before GC invocations=8 (full 0):
 garbage-first heap   total reserved 1822720K, committed 86016K, used 85589K [0x0000000090c00000, 0x0000000100000000)
  region size 1024K, 32 young (32768K), 4 survivors (4096K)
 Metaspace       used 24686K, committed 25088K, reserved 1114112K
  class space    used 3597K, committed 3776K, reserved 1048576K
}
Event: 178.938 GC heap after
{Heap after GC invocations=9 (full 0):
 garbage-first heap   total reserved 1822720K, committed 94208K, used 41912K [0x0000000090c00000, 0x0000000100000000)
  region size 1024K, 5 young (5120K), 5 survivors (5120K)
 Metaspace       used 24686K, committed 25088K, reserved 1114112K
  class space    used 3597K, committed 3776K, reserved 1048576K
}
Event: 179.415 GC heap before
{Heap before GC invocations=9 (full 0):
 garbage-first heap   total reserved 1822720K, committed 105472K, used 103352K [0x0000000090c00000, 0x0000000100000000)
  region size 1024K, 13 young (13312K), 5 survivors (5120K)
 Metaspace       used 24781K, committed 25152K, reserved 1114112K
  class space    used 3602K, committed 3776K, reserved 1048576K
}
Event: 179.433 GC heap after
{Heap after GC invocations=10 (full 0):
 garbage-first heap   total reserved 1822720K, committed 111616K, used 57129K [0x0000000090c00000, 0x0000000100000000)
  region size 1024K, 1 young (1024K), 1 survivors (1024K)
 Metaspace       used 24781K, committed 25152K, reserved 1114112K
  class space    used 3602K, committed 3776K, reserved 1048576K
}
Event: 179.471 GC heap before
{Heap before GC invocations=10 (full 0):
 garbage-first heap   total reserved 1822720K, committed 111616K, used 57129K [0x0000000090c00000, 0x0000000100000000)
  region size 1024K, 2 young (2048K), 1 survivors (1024K)
 Metaspace       used 24781K, committed 25152K, reserved 1114112K
  class space    used 3602K, committed 3776K, reserved 1048576K
}
Event: 179.473 GC heap after
{Heap after GC invocations=11 (full 0):
 garbage-first heap   total reserved 1822720K, committed 111616K, used 56926K [0x0000000090c00000, 0x0000000100000000)
  region size 1024K, 1 young (1024K), 1 survivors (1024K)
 Metaspace       used 24781K, committed 25152K, reserved 1114112K
  class space    used 3602K, committed 3776K, reserved 1048576K
}
Event: 180.003 GC heap before
{Heap before GC invocations=12 (full 0):
 garbage-first heap   total reserved 1822720K, committed 122880K, used 121438K [0x0000000090c00000, 0x0000000100000000)
  region size 1024K, 9 young (9216K), 1 survivors (1024K)
 Metaspace       used 24911K, committed 25344K, reserved 1114112K
  class space    used 3604K, committed 3776K, reserved 1048576K
}
Event: 180.007 GC heap after
{Heap after GC invocations=13 (full 0):
 garbage-first heap   total reserved 1822720K, committed 124928K, used 81769K [0x0000000090c00000, 0x0000000100000000)
  region size 1024K, 2 young (2048K), 2 survivors (2048K)
 Metaspace       used 24911K, committed 25344K, reserved 1114112K
  class space    used 3604K, committed 3776K, reserved 1048576K
}
Event: 181.247 GC heap before
{Heap before GC invocations=13 (full 0):
 garbage-first heap   total reserved 1822720K, committed 124928K, used 122729K [0x0000000090c00000, 0x0000000100000000)
  region size 1024K, 12 young (12288K), 2 survivors (2048K)
 Metaspace       used 25175K, committed 25536K, reserved 1114112K
  class space    used 3609K, committed 3776K, reserved 1048576K
}
Event: 181.256 GC heap after
{Heap after GC invocations=14 (full 0):
 garbage-first heap   total reserved 1822720K, committed 129024K, used 96896K [0x0000000090c00000, 0x0000000100000000)
  region size 1024K, 3 young (3072K), 3 survivors (3072K)
 Metaspace       used 25175K, committed 25536K, reserved 1114112K
  class space    used 3609K, committed 3776K, reserved 1048576K
}
Event: 182.163 GC heap before
{Heap before GC invocations=14 (full 0):
 garbage-first heap   total reserved 1822720K, committed 129024K, used 98944K [0x0000000090c00000, 0x0000000100000000)
  region size 1024K, 6 young (6144K), 3 survivors (3072K)
 Metaspace       used 25227K, committed 25600K, reserved 1114112K
  class space    used 3610K, committed 3776K, reserved 1048576K
}
Event: 182.170 GC heap after
{Heap after GC invocations=15 (full 0):
 garbage-first heap   total reserved 1822720K, committed 129024K, used 97041K [0x0000000090c00000, 0x0000000100000000)
  region size 1024K, 2 young (2048K), 2 survivors (2048K)
 Metaspace       used 25227K, committed 25600K, reserved 1114112K
  class space    used 3610K, committed 3776K, reserved 1048576K
}
Event: 187.352 GC heap before
{Heap before GC invocations=16 (full 0):
 garbage-first heap   total reserved 1822720K, committed 176128K, used 136977K [0x0000000090c00000, 0x0000000100000000)
  region size 1024K, 20 young (20480K), 2 survivors (2048K)
 Metaspace       used 25523K, committed 25984K, reserved 1114112K
  class space    used 3641K, committed 3840K, reserved 1048576K
}
Event: 187.363 GC heap after
{Heap after GC invocations=17 (full 0):
 garbage-first heap   total reserved 1822720K, committed 176128K, used 110740K [0x0000000090c00000, 0x0000000100000000)
  region size 1024K, 2 young (2048K), 2 survivors (2048K)
 Metaspace       used 25523K, committed 25984K, reserved 1114112K
  class space    used 3641K, committed 3840K, reserved 1048576K
}

