# JRE version: Java(TM) SE Runtime Environment (23.0.2+7) (build 23.0.2+7-58)
# Java VM: Java HotSpot(TM) 64-Bit Server VM (23.0.2+7-58, mixed mode, sharing, tiered, compressed oops, compressed class ptrs, g1 gc, windows-amd64)
GC Precious Log:
 CardTable entry size: 512
 Card Set container configuration: InlinePtr #cards 5 size 8 Array Of Cards #cards 10 size 36 Howl #buckets 4 coarsen threshold 1843 Howl Bitmap #cards 512 size 80 coarsen threshold 460 Card regions per heap region 1 cards per card region 2048
 CPUs: 2 total, 2 available
 Memory: 7116M
 Large Page Support: Disabled
 NUMA Support: Disabled
 Compressed Oops: Enabled (32-bit)
 Heap Region Size: 1M
 Heap Min Capacity: 8M
 Heap Initial Capacity: 112M
 Heap Max Capacity: 1780M
 Pre-touch: Disabled
 Parallel Workers: 2
 Concurrent Workers: 1
 Concurrent Refinement Workers: 2
 Periodic GC: Disabled
Heap:
 garbage-first heap   total reserved 1822720K, committed 153600K, used 118742K [0x0000000090c00000, 0x0000000100000000)
  region size 1024K, 11 young (11264K), 3 survivors (3072K)
 Metaspace       used 25629K, committed 26048K, reserved 1114112K
  class space    used 3658K, committed 3840K, reserved 1048576K
GC Heap History (20 events):
Event: 4.804 GC heap before
{Heap before GC invocations=4 (full 0):
 garbage-first heap   total reserved 1822720K, committed 114688K, used 26586K [0x0000000090c00000, 0x0000000100000000)
  region size 1024K, 22 young (22528K), 3 survivors (3072K)
 Metaspace       used 12332K, committed 12672K, reserved 1114112K
  class space    used 1674K, committed 1856K, reserved 1048576K
}
Event: 4.821 GC heap after
{Heap after GC invocations=5 (full 0):
 garbage-first heap   total reserved 1822720K, committed 114688K, used 11031K [0x0000000090c00000, 0x0000000100000000)
  region size 1024K, 3 young (3072K), 3 survivors (3072K)
 Metaspace       used 12332K, committed 12672K, reserved 1114112K
  class space    used 1674K, committed 1856K, reserved 1048576K
}
Event: 10.352 GC heap before
{Heap before GC invocations=5 (full 0):
 garbage-first heap   total reserved 1822720K, committed 114688K, used 56087K [0x0000000090c00000, 0x0000000100000000)
  region size 1024K, 32 young (32768K), 3 survivors (3072K)
 Metaspace       used 19151K, committed 19520K, reserved 1114112K
  class space    used 2828K, committed 3008K, reserved 1048576K
}
Event: 10.368 GC heap after
{Heap after GC invocations=6 (full 0):
 garbage-first heap   total reserved 1822720K, committed 114688K, used 22416K [0x0000000090c00000, 0x0000000100000000)
  region size 1024K, 3 young (3072K), 3 survivors (3072K)
 Metaspace       used 19151K, committed 19520K, reserved 1114112K
  class space    used 2828K, committed 3008K, reserved 1048576K
}
Event: 20.363 GC heap before
{Heap before GC invocations=6 (full 0):
 garbage-first heap   total reserved 1822720K, committed 114688K, used 31632K [0x0000000090c00000, 0x0000000100000000)
  region size 1024K, 13 young (13312K), 3 survivors (3072K)
 Metaspace       used 21183K, committed 21504K, reserved 1114112K
  class space    used 3000K, committed 3136K, reserved 1048576K
}
Event: 20.376 GC heap after
{Heap after GC invocations=7 (full 0):
 garbage-first heap   total reserved 1822720K, committed 114688K, used 23483K [0x0000000090c00000, 0x0000000100000000)
  region size 1024K, 4 young (4096K), 4 survivors (4096K)
 Metaspace       used 21183K, committed 21504K, reserved 1114112K
  class space    used 3000K, committed 3136K, reserved 1048576K
}
Event: 23.105 GC heap before
{Heap before GC invocations=8 (full 0):
 garbage-first heap   total reserved 1822720K, committed 81920K, used 79803K [0x0000000090c00000, 0x0000000100000000)
  region size 1024K, 30 young (30720K), 4 survivors (4096K)
 Metaspace       used 24405K, committed 24832K, reserved 1114112K
  class space    used 3590K, committed 3776K, reserved 1048576K
}
Event: 23.124 GC heap after
{Heap after GC invocations=9 (full 0):
 garbage-first heap   total reserved 1822720K, committed 89088K, used 40458K [0x0000000090c00000, 0x0000000100000000)
  region size 1024K, 6 young (6144K), 6 survivors (6144K)
 Metaspace       used 24405K, committed 24832K, reserved 1114112K
  class space    used 3590K, committed 3776K, reserved 1048576K
}
Event: 23.618 GC heap before
{Heap before GC invocations=9 (full 0):
 garbage-first heap   total reserved 1822720K, committed 96256K, used 93706K [0x0000000090c00000, 0x0000000100000000)
  region size 1024K, 13 young (13312K), 6 survivors (6144K)
 Metaspace       used 24491K, committed 24896K, reserved 1114112K
  class space    used 3597K, committed 3776K, reserved 1048576K
}
Event: 23.642 GC heap after
{Heap after GC invocations=10 (full 0):
 garbage-first heap   total reserved 1822720K, committed 104448K, used 51685K [0x0000000090c00000, 0x0000000100000000)
  region size 1024K, 1 young (1024K), 1 survivors (1024K)
 Metaspace       used 24491K, committed 24896K, reserved 1114112K
  class space    used 3597K, committed 3776K, reserved 1048576K
}
Event: 23.688 GC heap before
{Heap before GC invocations=10 (full 0):
 garbage-first heap   total reserved 1822720K, committed 104448K, used 51685K [0x0000000090c00000, 0x0000000100000000)
  region size 1024K, 2 young (2048K), 1 survivors (1024K)
 Metaspace       used 24491K, committed 24896K, reserved 1114112K
  class space    used 3597K, committed 3776K, reserved 1048576K
}
Event: 23.691 GC heap after
{Heap after GC invocations=11 (full 0):
 garbage-first heap   total reserved 1822720K, committed 104448K, used 51428K [0x0000000090c00000, 0x0000000100000000)
  region size 1024K, 1 young (1024K), 1 survivors (1024K)
 Metaspace       used 24491K, committed 24896K, reserved 1114112K
  class space    used 3597K, committed 3776K, reserved 1048576K
}
Event: 24.226 GC heap before
{Heap before GC invocations=12 (full 0):
 garbage-first heap   total reserved 1822720K, committed 110592K, used 107748K [0x0000000090c00000, 0x0000000100000000)
  region size 1024K, 8 young (8192K), 1 survivors (1024K)
 Metaspace       used 24610K, committed 25024K, reserved 1114112K
  class space    used 3598K, committed 3776K, reserved 1048576K
}
Event: 24.230 GC heap after
{Heap after GC invocations=13 (full 0):
 garbage-first heap   total reserved 1822720K, committed 111616K, used 74172K [0x0000000090c00000, 0x0000000100000000)
  region size 1024K, 1 young (1024K), 1 survivors (1024K)
 Metaspace       used 24610K, committed 25024K, reserved 1114112K
  class space    used 3598K, committed 3776K, reserved 1048576K
}
Event: 24.541 GC heap before
{Heap before GC invocations=13 (full 0):
 garbage-first heap   total reserved 1822720K, committed 120832K, used 118204K [0x0000000090c00000, 0x0000000100000000)
  region size 1024K, 7 young (7168K), 1 survivors (1024K)
 Metaspace       used 24663K, committed 25088K, reserved 1114112K
  class space    used 3599K, committed 3776K, reserved 1048576K
}
Event: 24.546 GC heap after
{Heap after GC invocations=14 (full 0):
 garbage-first heap   total reserved 1822720K, committed 122880K, used 90825K [0x0000000090c00000, 0x0000000100000000)
  region size 1024K, 2 young (2048K), 2 survivors (2048K)
 Metaspace       used 24663K, committed 25088K, reserved 1114112K
  class space    used 3599K, committed 3776K, reserved 1048576K
}
Event: 24.554 GC heap before
{Heap before GC invocations=14 (full 0):
 garbage-first heap   total reserved 1822720K, committed 122880K, used 90825K [0x0000000090c00000, 0x0000000100000000)
  region size 1024K, 3 young (3072K), 2 survivors (2048K)
 Metaspace       used 24665K, committed 25088K, reserved 1114112K
  class space    used 3599K, committed 3776K, reserved 1048576K
}
Event: 24.559 GC heap after
{Heap after GC invocations=15 (full 0):
 garbage-first heap   total reserved 1822720K, committed 122880K, used 90901K [0x0000000090c00000, 0x0000000100000000)
  region size 1024K, 2 young (2048K), 2 survivors (2048K)
 Metaspace       used 24665K, committed 25088K, reserved 1114112K
  class space    used 3599K, committed 3776K, reserved 1048576K
}
Event: 29.861 GC heap before
{Heap before GC invocations=16 (full 0):
 garbage-first heap   total reserved 1822720K, committed 153600K, used 141077K [0x0000000090c00000, 0x0000000100000000)
  region size 1024K, 22 young (22528K), 2 survivors (2048K)
 Metaspace       used 25421K, committed 25856K, reserved 1114112K
  class space    used 3639K, committed 3840K, reserved 1048576K
}
Event: 29.875 GC heap after
{Heap after GC invocations=17 (full 0):
 garbage-first heap   total reserved 1822720K, committed 153600K, used 111574K [0x0000000090c00000, 0x0000000100000000)
  region size 1024K, 3 young (3072K), 3 survivors (3072K)
 Metaspace       used 25421K, committed 25856K, reserved 1114112K
  class space    used 3639K, committed 3840K, reserved 1048576K
}

