# JRE version: Java(TM) SE Runtime Environment (23.0.2+7) (build 23.0.2+7-58)
# Java VM: Java HotSpot(TM) 64-Bit Server VM (23.0.2+7-58, mixed mode, sharing, tiered, compressed oops, compressed class ptrs, g1 gc, windows-amd64)
GC Precious Log:
 CardTable entry size: 512
 Card Set container configuration: InlinePtr #cards 4 size 8 Array Of Cards #cards 16 size 48 Howl #buckets 8 coarsen threshold 3686 Howl Bitmap #cards 512 size 80 coarsen threshold 460 Card regions per heap region 1 cards per card region 4096
 CPUs: 16 total, 16 available
 Memory: 16005M
 Large Page Support: Disabled
 NUMA Support: Disabled
 Compressed Oops: Enabled (Zero based)
 Heap Region Size: 2M
 Heap Min Capacity: 8M
 Heap Initial Capacity: 252M
 Heap Max Capacity: 4002M
 Pre-touch: Disabled
 Parallel Workers: 13
 Concurrent Workers: 3
 Concurrent Refinement Workers: 13
 Periodic GC: Disabled
Heap:
 garbage-first heap   total reserved 4098048K, committed 415744K, used 294385K [0x0000000705e00000, 0x0000000800000000)
  region size 2048K, 46 young (94208K), 2 survivors (4096K)
 Metaspace       used 30536K, committed 31104K, reserved 1114112K
  class space    used 4155K, committed 4416K, reserved 1048576K
GC Heap History (20 events):
Event: 14.552 GC heap before
{Heap before GC invocations=60 (full 0):
 garbage-first heap   total reserved 4098048K, committed 301056K, used 179661K [0x0000000705e00000, 0x0000000800000000)
  region size 2048K, 2 young (4096K), 1 survivors (2048K)
 Metaspace       used 29303K, committed 29824K, reserved 1114112K
  class space    used 4062K, committed 4288K, reserved 1048576K
}
Event: 14.554 GC heap after
{Heap after GC invocations=61 (full 0):
 garbage-first heap   total reserved 4098048K, committed 301056K, used 177658K [0x0000000705e00000, 0x0000000800000000)
  region size 2048K, 1 young (2048K), 1 survivors (2048K)
 Metaspace       used 29303K, committed 29824K, reserved 1114112K
  class space    used 4062K, committed 4288K, reserved 1048576K
}
Event: 14.573 GC heap before
{Heap before GC invocations=62 (full 0):
 garbage-first heap   total reserved 4098048K, committed 311296K, used 183802K [0x0000000705e00000, 0x0000000800000000)
  region size 2048K, 2 young (4096K), 1 survivors (2048K)
 Metaspace       used 29303K, committed 29824K, reserved 1114112K
  class space    used 4062K, committed 4288K, reserved 1048576K
}
Event: 14.574 GC heap after
{Heap after GC invocations=63 (full 0):
 garbage-first heap   total reserved 4098048K, committed 311296K, used 181796K [0x0000000705e00000, 0x0000000800000000)
  region size 2048K, 1 young (2048K), 1 survivors (2048K)
 Metaspace       used 29303K, committed 29824K, reserved 1114112K
  class space    used 4062K, committed 4288K, reserved 1048576K
}
Event: 14.593 GC heap before
{Heap before GC invocations=64 (full 0):
 garbage-first heap   total reserved 4098048K, committed 317440K, used 187940K [0x0000000705e00000, 0x0000000800000000)
  region size 2048K, 2 young (4096K), 1 survivors (2048K)
 Metaspace       used 29303K, committed 29824K, reserved 1114112K
  class space    used 4062K, committed 4288K, reserved 1048576K
}
Event: 14.595 GC heap after
{Heap after GC invocations=65 (full 0):
 garbage-first heap   total reserved 4098048K, committed 317440K, used 185928K [0x0000000705e00000, 0x0000000800000000)
  region size 2048K, 1 young (2048K), 1 survivors (2048K)
 Metaspace       used 29303K, committed 29824K, reserved 1114112K
  class space    used 4062K, committed 4288K, reserved 1048576K
}
Event: 15.749 GC heap before
{Heap before GC invocations=66 (full 0):
 garbage-first heap   total reserved 4098048K, committed 321536K, used 204360K [0x0000000705e00000, 0x0000000800000000)
  region size 2048K, 8 young (16384K), 1 survivors (2048K)
 Metaspace       used 29375K, committed 29888K, reserved 1114112K
  class space    used 4065K, committed 4288K, reserved 1048576K
}
Event: 15.751 GC heap after
{Heap after GC invocations=67 (full 0):
 garbage-first heap   total reserved 4098048K, committed 321536K, used 190277K [0x0000000705e00000, 0x0000000800000000)
  region size 2048K, 1 young (2048K), 1 survivors (2048K)
 Metaspace       used 29375K, committed 29888K, reserved 1114112K
  class space    used 4065K, committed 4288K, reserved 1048576K
}
Event: 15.895 GC heap before
{Heap before GC invocations=68 (full 0):
 garbage-first heap   total reserved 4098048K, committed 331776K, used 198469K [0x0000000705e00000, 0x0000000800000000)
  region size 2048K, 3 young (6144K), 1 survivors (2048K)
 Metaspace       used 29425K, committed 29888K, reserved 1114112K
  class space    used 4067K, committed 4288K, reserved 1048576K
}
Event: 15.896 GC heap after
{Heap after GC invocations=69 (full 0):
 garbage-first heap   total reserved 4098048K, committed 331776K, used 196689K [0x0000000705e00000, 0x0000000800000000)
  region size 2048K, 1 young (2048K), 1 survivors (2048K)
 Metaspace       used 29425K, committed 29888K, reserved 1114112K
  class space    used 4067K, committed 4288K, reserved 1048576K
}
Event: 27.800 GC heap before
{Heap before GC invocations=70 (full 0):
 garbage-first heap   total reserved 4098048K, committed 335872K, used 331857K [0x0000000705e00000, 0x0000000800000000)
  region size 2048K, 41 young (83968K), 1 survivors (2048K)
 Metaspace       used 29798K, committed 30336K, reserved 1114112K
  class space    used 4105K, committed 4352K, reserved 1048576K
}
Event: 27.802 GC heap after
{Heap after GC invocations=71 (full 0):
 garbage-first heap   total reserved 4098048K, committed 337920K, used 232423K [0x0000000705e00000, 0x0000000800000000)
  region size 2048K, 1 young (2048K), 1 survivors (2048K)
 Metaspace       used 29798K, committed 30336K, reserved 1114112K
  class space    used 4105K, committed 4352K, reserved 1048576K
}
Event: 29.773 GC heap before
{Heap before GC invocations=71 (full 0):
 garbage-first heap   total reserved 4098048K, committed 350208K, used 347111K [0x0000000705e00000, 0x0000000800000000)
  region size 2048K, 17 young (34816K), 1 survivors (2048K)
 Metaspace       used 29880K, committed 30400K, reserved 1114112K
  class space    used 4105K, committed 4352K, reserved 1048576K
}
Event: 29.776 GC heap after
{Heap after GC invocations=72 (full 0):
 garbage-first heap   total reserved 4098048K, committed 356352K, used 268275K [0x0000000705e00000, 0x0000000800000000)
  region size 2048K, 2 young (4096K), 2 survivors (4096K)
 Metaspace       used 29880K, committed 30400K, reserved 1114112K
  class space    used 4105K, committed 4352K, reserved 1048576K
}
Event: 29.781 GC heap before
{Heap before GC invocations=72 (full 0):
 garbage-first heap   total reserved 4098048K, committed 356352K, used 268275K [0x0000000705e00000, 0x0000000800000000)
  region size 2048K, 3 young (6144K), 2 survivors (4096K)
 Metaspace       used 29880K, committed 30400K, reserved 1114112K
  class space    used 4105K, committed 4352K, reserved 1048576K
}
Event: 29.783 GC heap after
{Heap after GC invocations=73 (full 0):
 garbage-first heap   total reserved 4098048K, committed 356352K, used 268721K [0x0000000705e00000, 0x0000000800000000)
  region size 2048K, 2 young (4096K), 2 survivors (4096K)
 Metaspace       used 29880K, committed 30400K, reserved 1114112K
  class space    used 4105K, committed 4352K, reserved 1048576K
}
Event: 31.498 GC heap before
{Heap before GC invocations=74 (full 0):
 garbage-first heap   total reserved 4098048K, committed 409600K, used 405937K [0x0000000705e00000, 0x0000000800000000)
  region size 2048K, 23 young (47104K), 2 survivors (4096K)
 Metaspace       used 29956K, committed 30464K, reserved 1114112K
  class space    used 4105K, committed 4352K, reserved 1048576K
}
Event: 31.500 GC heap after
{Heap after GC invocations=75 (full 0):
 garbage-first heap   total reserved 4098048K, committed 413696K, used 222495K [0x0000000705e00000, 0x0000000800000000)
  region size 2048K, 2 young (4096K), 2 survivors (4096K)
 Metaspace       used 29956K, committed 30464K, reserved 1114112K
  class space    used 4105K, committed 4352K, reserved 1048576K
}
Event: 46.726 GC heap before
{Heap before GC invocations=75 (full 0):
 garbage-first heap   total reserved 4098048K, committed 413696K, used 404767K [0x0000000705e00000, 0x0000000800000000)
  region size 2048K, 64 young (131072K), 2 survivors (4096K)
 Metaspace       used 30269K, committed 30784K, reserved 1114112K
  class space    used 4127K, committed 4352K, reserved 1048576K
}
Event: 46.730 GC heap after
{Heap after GC invocations=76 (full 0):
 garbage-first heap   total reserved 4098048K, committed 415744K, used 206321K [0x0000000705e00000, 0x0000000800000000)
  region size 2048K, 2 young (4096K), 2 survivors (4096K)
 Metaspace       used 30269K, committed 30784K, reserved 1114112K
  class space    used 4127K, committed 4352K, reserved 1048576K
}

